01:00:45.372 INFO  {"type":"server/hello","socketId":"tynzXbz_F7qcH0H3AAAE"} 
01:00:45.379 INFO  {"type":"server/init","socketId":"tynzXbz_F7qcH0H3AAAE"} 
01:02:19.225 INFO  {"type":"server/hello","socketId":"wIB6_LI_vneEIRw8AAAE"} 
01:02:19.232 INFO  {"type":"server/init","socketId":"wIB6_LI_vneEIRw8AAAE"} 
01:02:31.660 INFO  {"type":"server/create","playerName":"aaa","socketId":"wIB6_LI_vneEIRw8AAAE","newgameId":"aec4b86d-aa06-4dda-838e-718c8b965c7b"} 
01:02:48.947 INFO  {"type":"server/hello","socketId":"8zuTSg0q_yHZj4PNAAAF"} 
01:02:48.951 INFO  {"type":"server/init","socketId":"8zuTSg0q_yHZj4PNAAAF"} 
01:02:52.222 INFO  {"type":"server/join","data":"aec4b86d-aa06-4dda-838e-718c8b965c7b","name":"ccc","socketId":"8zuTSg0q_yHZj4PNAAAF"} 
01:02:54.022 INFO  {"type":"server/start","data":{"game":"aec4b86d-aa06-4dda-838e-718c8b965c7b","board":{"ships":{"layout":[{"ship":"destroyer","positions":[[0,0],[1,0]]}]},"hits":[],"enemyHits":[],"allShips":[[0,0],[1,0]]}},"socketId":"8zuTSg0q_yHZj4PNAAAF"} 
01:02:55.544 INFO  {"type":"server/start","data":{"game":"aec4b86d-aa06-4dda-838e-718c8b965c7b","board":{"ships":{"layout":[{"ship":"destroyer","positions":[[0,0],[1,0]]}]},"hits":[],"enemyHits":[],"allShips":[[0,0],[1,0]]}},"socketId":"wIB6_LI_vneEIRw8AAAE"} 
01:02:56.323 INFO  {"type":"server/CELL_CLICKED","x":0,"y":0,"gameId":"aec4b86d-aa06-4dda-838e-718c8b965c7b","socketId":"wIB6_LI_vneEIRw8AAAE"} 
01:02:57.726 INFO  {"type":"server/CELL_CLICKED","x":3,"y":0,"gameId":"aec4b86d-aa06-4dda-838e-718c8b965c7b","socketId":"8zuTSg0q_yHZj4PNAAAF"} 
09:35:57.583 INFO  {"type":"server/hello","socketId":"NHMIpsrFFo9qiHWYAAAE"} 
09:35:57.589 INFO  {"type":"server/init","socketId":"NHMIpsrFFo9qiHWYAAAE"} 
09:43:14.912 INFO  {"type":"server/hello","socketId":"8K90DXf7keP_3EFXAAAD"} 
09:43:14.918 INFO  {"type":"server/init","socketId":"8K90DXf7keP_3EFXAAAD"} 
09:43:17.337 INFO  {"type":"server/create","playerName":"asas","socketId":"8K90DXf7keP_3EFXAAAD","newgameId":"cde3d52d-fe78-4e6a-8a99-6ecef6a7badb"} 
09:43:22.115 INFO  {"type":"server/hello","socketId":"1SHiJfV4qAqEiBfLAAAF"} 
09:43:22.120 INFO  {"type":"server/init","socketId":"1SHiJfV4qAqEiBfLAAAF"} 
09:43:24.311 INFO  {"type":"server/join","data":"cde3d52d-fe78-4e6a-8a99-6ecef6a7badb","name":"sss","socketId":"1SHiJfV4qAqEiBfLAAAF"} 
09:43:24.922 INFO  {"type":"server/start","data":{"game":"cde3d52d-fe78-4e6a-8a99-6ecef6a7badb","board":{"ships":{"layout":[{"ship":"destroyer","positions":[[0,0],[1,0]]}]},"hits":[],"enemyHits":[],"allShips":[[0,0],[1,0]]}},"socketId":"1SHiJfV4qAqEiBfLAAAF"} 
09:43:26.360 INFO  {"type":"server/start","data":{"game":"cde3d52d-fe78-4e6a-8a99-6ecef6a7badb","board":{"ships":{"layout":[{"ship":"destroyer","positions":[[0,0],[1,0]]}]},"hits":[],"enemyHits":[],"allShips":[[0,0],[1,0]]}},"socketId":"8K90DXf7keP_3EFXAAAD"} 
14:38:31.743 INFO  {"type":"server/hello","socketId":"fwRMHcUi-Me0j3j2AAAM"} 
14:38:31.750 INFO  {"type":"server/init","socketId":"fwRMHcUi-Me0j3j2AAAM"} 
14:38:34.805 INFO  {"type":"server/create","playerName":"aaaaa","socketId":"fwRMHcUi-Me0j3j2AAAM","newgameId":"8d0d59ad-9a24-4b4b-a961-4da0adb68096"} 
14:38:36.193 INFO  {"type":"server/hello","socketId":"Xm49cReO3pUcZoGKAAAL"} 
14:38:36.200 INFO  {"type":"server/init","socketId":"Xm49cReO3pUcZoGKAAAL"} 
14:38:40.964 INFO  {"type":"server/join","data":"8d0d59ad-9a24-4b4b-a961-4da0adb68096","name":"ccccc","socketId":"Xm49cReO3pUcZoGKAAAL"} 
14:38:41.924 INFO  {"type":"server/start","data":{"game":"8d0d59ad-9a24-4b4b-a961-4da0adb68096","board":{"ships":{"layout":[{"ship":"destroyer","positions":[[0,0],[1,0]]}]},"hits":[],"enemyHits":[],"allShips":[[0,0],[1,0]]}},"socketId":"Xm49cReO3pUcZoGKAAAL"} 
14:38:43.799 INFO  {"type":"server/start","data":{"game":"8d0d59ad-9a24-4b4b-a961-4da0adb68096","board":{"ships":{"layout":[{"ship":"destroyer","positions":[[0,0],[1,0]]}]},"hits":[],"enemyHits":[],"allShips":[[0,0],[1,0]]}},"socketId":"fwRMHcUi-Me0j3j2AAAM"} 
14:39:02.973 INFO  {"type":"server/CELL_CLICKED","x":0,"y":0,"gameId":"8d0d59ad-9a24-4b4b-a961-4da0adb68096","socketId":"fwRMHcUi-Me0j3j2AAAM"} 
14:40:12.064 INFO  {"type":"server/hello","socketId":"vsUmWHQn7AzqUZMvAAAO"} 
14:40:12.070 INFO  {"type":"server/init","socketId":"vsUmWHQn7AzqUZMvAAAO"} 
14:40:16.161 INFO  {"type":"server/create","playerName":"zxzx","socketId":"vsUmWHQn7AzqUZMvAAAO","newgameId":"ab474f9d-6cac-47b7-be2f-02851036c3e7"} 
14:40:17.696 INFO  {"type":"server/hello","socketId":"NESrwsqSeBsq5M1jAAAN"} 
14:40:17.702 INFO  {"type":"server/init","socketId":"NESrwsqSeBsq5M1jAAAN"} 
14:40:20.452 INFO  {"type":"server/join","data":"ab474f9d-6cac-47b7-be2f-02851036c3e7","name":"qq","socketId":"NESrwsqSeBsq5M1jAAAN"} 
14:40:22.324 INFO  {"type":"server/start","data":{"game":"ab474f9d-6cac-47b7-be2f-02851036c3e7","board":{"ships":{"layout":[{"ship":"destroyer","positions":[[0,0],[1,0]]}]},"hits":[],"enemyHits":[],"allShips":[[0,0],[1,0]]}},"socketId":"vsUmWHQn7AzqUZMvAAAO"} 
14:40:51.709 INFO  {"type":"server/hello","socketId":"fMvwgJVV5XbhroClAAAA"} 
14:40:51.715 INFO  {"type":"server/init","socketId":"fMvwgJVV5XbhroClAAAA"} 
14:40:55.018 INFO  {"type":"server/create","playerName":"asasas","socketId":"fMvwgJVV5XbhroClAAAA","newgameId":"27cad454-3f8a-409d-9ac7-d83644995e76"} 
14:40:56.674 INFO  {"type":"server/hello","socketId":"iZAFl4zQMMMOYPdfAAAB"} 
14:40:56.678 INFO  {"type":"server/init","socketId":"iZAFl4zQMMMOYPdfAAAB"} 
14:40:58.618 INFO  {"type":"server/join","data":"27cad454-3f8a-409d-9ac7-d83644995e76","name":"zzz","socketId":"iZAFl4zQMMMOYPdfAAAB"} 
14:41:00.583 INFO  {"type":"server/start","data":{"game":"27cad454-3f8a-409d-9ac7-d83644995e76","board":{"ships":{"layout":[{"ship":"destroyer","positions":[[0,0],[1,0]]}]},"hits":[],"enemyHits":[],"allShips":[[0,0],[1,0]]}},"socketId":"iZAFl4zQMMMOYPdfAAAB"} 
14:41:01.936 INFO  {"type":"server/start","data":{"game":"27cad454-3f8a-409d-9ac7-d83644995e76","board":{"ships":{"layout":[{"ship":"destroyer","positions":[[0,0],[1,0]]}]},"hits":[],"enemyHits":[],"allShips":[[0,0],[1,0]]}},"socketId":"fMvwgJVV5XbhroClAAAA"} 
14:41:03.322 INFO  {"type":"server/CELL_CLICKED","x":0,"y":0,"gameId":"27cad454-3f8a-409d-9ac7-d83644995e76","socketId":"fMvwgJVV5XbhroClAAAA"} 
14:52:01.049 INFO  {"type":"server/hello","socketId":"ehzczv3ryEr4SoBkAAAB"} 
14:52:01.053 INFO  {"type":"server/init","socketId":"ehzczv3ryEr4SoBkAAAB"} 
14:52:01.661 INFO  {"type":"server/create","playerName":"aas","socketId":"ehzczv3ryEr4SoBkAAAB","newgameId":"7a10a669-6858-44eb-b55e-7f86675f2a91"} 
14:52:03.946 INFO  {"type":"server/hello","socketId":"i5isPdi86l97gUObAAAA"} 
14:52:03.950 INFO  {"type":"server/init","socketId":"i5isPdi86l97gUObAAAA"} 
15:20:24.734 INFO  {"type":"server/hello","socketId":"lgcdbY0SvO4Iv7TqAAAA"} 
15:20:24.739 INFO  {"type":"server/init","socketId":"lgcdbY0SvO4Iv7TqAAAA"} 
15:20:29.084 INFO  {"type":"server/hello","socketId":"54Nx2yvnhdMQ-dmFAAAB"} 
15:20:29.089 INFO  {"type":"server/init","socketId":"54Nx2yvnhdMQ-dmFAAAB"} 
15:20:33.691 INFO  {"type":"server/hello","socketId":"54Nx2yvnhdMQ-dmFAAAB"} 
15:20:33.695 INFO  {"type":"server/init","socketId":"54Nx2yvnhdMQ-dmFAAAB"} 
15:20:35.441 INFO  {"type":"server/create","playerName":"aaaa","socketId":"lgcdbY0SvO4Iv7TqAAAA","newgameId":"0b6cb9ba-bcf8-4815-bbf8-8b02b438b71c"} 
15:20:37.469 INFO  {"type":"server/hello","socketId":"54Nx2yvnhdMQ-dmFAAAB"} 
15:20:37.473 INFO  {"type":"server/init","socketId":"54Nx2yvnhdMQ-dmFAAAB"} 
15:20:40.266 INFO  {"type":"server/join","data":"0b6cb9ba-bcf8-4815-bbf8-8b02b438b71c","name":"ccc","socketId":"54Nx2yvnhdMQ-dmFAAAB"} 
15:21:24.397 INFO  {"type":"server/hello","socketId":"drCc122hYdao60ZeAAAC"} 
15:21:24.402 INFO  {"type":"server/init","socketId":"drCc122hYdao60ZeAAAC"} 
15:21:29.108 INFO  {"type":"server/create","playerName":"zzzz","socketId":"drCc122hYdao60ZeAAAC","newgameId":"016f2c91-928c-419a-9138-078283a8d3f7"} 
15:21:31.463 INFO  {"type":"server/hello","socketId":"qaNXQzT6ctocc0-xAAAD"} 
15:21:31.467 INFO  {"type":"server/init","socketId":"qaNXQzT6ctocc0-xAAAD"} 
15:21:34.101 INFO  {"type":"server/join","data":"016f2c91-928c-419a-9138-078283a8d3f7","name":"ccc","socketId":"qaNXQzT6ctocc0-xAAAD"} 
15:22:31.969 INFO  {"type":"server/hello","socketId":"drCc122hYdao60ZeAAAC"} 
15:22:31.974 INFO  {"type":"server/init","socketId":"drCc122hYdao60ZeAAAC"} 
15:22:40.011 INFO  {"type":"server/hello","socketId":"s_BLM8n-1uwmivRKAAAG"} 
15:22:40.019 INFO  {"type":"server/init","socketId":"s_BLM8n-1uwmivRKAAAG"} 
15:22:47.138 INFO  {"type":"server/create","playerName":"zzzzzz","socketId":"s_BLM8n-1uwmivRKAAAG","newgameId":"ab5d5a4e-b8b9-4afc-b120-703f80bb9804"} 
15:22:48.608 INFO  {"type":"server/hello","socketId":"BZABXlzUDGUrNC6eAAAF"} 
15:22:48.615 INFO  {"type":"server/init","socketId":"BZABXlzUDGUrNC6eAAAF"} 
15:22:52.272 INFO  {"type":"server/join","data":"ab5d5a4e-b8b9-4afc-b120-703f80bb9804","name":"xxxxx","socketId":"BZABXlzUDGUrNC6eAAAF"} 
15:23:15.827 INFO  {"type":"server/create","playerName":"asas","socketId":"AqesUy5yopNDP3K2AAAH","newgameId":"82135777-4aac-4564-acde-daa28e6cc5a3"} 
15:23:18.437 INFO  {"type":"server/hello","socketId":"s_BLM8n-1uwmivRKAAAG"} 
15:23:18.441 INFO  {"type":"server/init","socketId":"s_BLM8n-1uwmivRKAAAG"} 
15:23:20.790 INFO  {"type":"server/join","data":"82135777-4aac-4564-acde-daa28e6cc5a3","name":"xxx","socketId":"s_BLM8n-1uwmivRKAAAG"} 
22:06:57.295 INFO  {"type":"server/hello","socketId":"wJC9XKG6Dry37Bv8AAAN"} 
22:06:57.304 INFO  {"type":"server/init","socketId":"wJC9XKG6Dry37Bv8AAAN"} 
02:22:02.539 INFO  {"type":"server/hello","socketId":"R97RRCR7L-Le2wurAAAP"} 
02:22:02.552 INFO  {"type":"server/init","socketId":"R97RRCR7L-Le2wurAAAP"} 
02:22:14.577 INFO  {"type":"server/hello","socketId":"jb80iz8rhu19aVbSAAAR"} 
02:22:14.583 INFO  {"type":"server/init","socketId":"jb80iz8rhu19aVbSAAAR"} 
02:22:51.413 INFO  {"type":"server/create","playerName":"df","socketId":"lgRqhi9WU1KGa6R6AAAS","newgameId":"cb5cb976-b593-4710-a6e1-cd17c3415b95"} 
02:23:00.479 INFO  {"type":"server/hello","socketId":"bPQ-jCFV-jgSbl5gAAAT"} 
02:23:00.483 INFO  {"type":"server/init","socketId":"bPQ-jCFV-jgSbl5gAAAT"} 
02:23:13.052 INFO  {"type":"server/join","data":"cb5cb976-b593-4710-a6e1-cd17c3415b95","name":"gh","socketId":"bPQ-jCFV-jgSbl5gAAAT"} 
02:25:52.461 INFO  {"type":"server/hello","socketId":"VfUHEgQUkxzzxg7SAAAD"} 
02:25:52.468 INFO  {"type":"server/init","socketId":"VfUHEgQUkxzzxg7SAAAD"} 
02:25:57.219 INFO  {"type":"server/create","playerName":"aa","socketId":"VfUHEgQUkxzzxg7SAAAD","newgameId":"2cf46e54-f688-4048-ac50-92785d969608"} 
02:26:01.220 INFO  {"type":"server/hello","socketId":"TordwwvP79NjCt5nAAAC"} 
02:26:01.226 INFO  {"type":"server/init","socketId":"TordwwvP79NjCt5nAAAC"} 
02:26:12.272 INFO  {"type":"server/join","data":"2cf46e54-f688-4048-ac50-92785d969608","name":"bb","socketId":"TordwwvP79NjCt5nAAAC"} 
02:26:51.542 INFO  {"type":"server/hello","socketId":"VfUHEgQUkxzzxg7SAAAD"} 
02:26:51.549 INFO  {"type":"server/init","socketId":"VfUHEgQUkxzzxg7SAAAD"} 
02:26:54.717 INFO  {"type":"server/create","playerName":"zzz","socketId":"VfUHEgQUkxzzxg7SAAAD","newgameId":"a6115206-6d23-469c-af22-1c31ae20fc87"} 
02:26:57.083 INFO  {"type":"server/hello","socketId":"TordwwvP79NjCt5nAAAC"} 
02:26:57.086 INFO  {"type":"server/init","socketId":"TordwwvP79NjCt5nAAAC"} 
02:29:35.426 INFO  {"type":"server/hello","socketId":"64VQUNyERZmHyCZ6AAAE"} 
02:29:35.433 INFO  {"type":"server/init","socketId":"64VQUNyERZmHyCZ6AAAE"} 
02:29:38.538 INFO  {"type":"server/create","playerName":"aaa","socketId":"64VQUNyERZmHyCZ6AAAE","newgameId":"c7a01abf-eb8d-4da9-9bb2-9b0236615726"} 
02:29:40.417 INFO  {"type":"server/hello","socketId":"nYAl-OvQJVI2t-fYAAAD"} 
02:29:40.424 INFO  {"type":"server/init","socketId":"nYAl-OvQJVI2t-fYAAAD"} 
02:29:44.444 INFO  {"type":"server/join","data":"c7a01abf-eb8d-4da9-9bb2-9b0236615726","name":"bbb","socketId":"nYAl-OvQJVI2t-fYAAAD"} 
02:30:12.245 INFO  {"type":"server/start","data":{"game":"c7a01abf-eb8d-4da9-9bb2-9b0236615726","board":{"ships":{"layout":[{"ship":"destroyer","positions":[[0,0],[1,0]]}]},"hits":[],"enemyHits":[],"allShips":[[0,0],[1,0]]}},"socketId":"nYAl-OvQJVI2t-fYAAAD"} 
02:30:15.817 INFO  {"type":"server/start","data":{"game":"c7a01abf-eb8d-4da9-9bb2-9b0236615726","board":{"ships":{"layout":[{"ship":"destroyer","positions":[[0,0],[1,0]]}]},"hits":[],"enemyHits":[],"allShips":[[0,0],[1,0]]}},"socketId":"64VQUNyERZmHyCZ6AAAE"} 
02:31:43.906 INFO  {"type":"server/CELL_CLICKED","x":0,"y":0,"gameId":"c7a01abf-eb8d-4da9-9bb2-9b0236615726","socketId":"64VQUNyERZmHyCZ6AAAE"} 
02:57:11.940 INFO  {"type":"server/hello","socketId":"3OTBGpvczF3Z4syXAAAt"} 
02:57:11.944 INFO  {"type":"server/init","socketId":"3OTBGpvczF3Z4syXAAAt"} 
02:57:15.396 INFO  {"type":"server/create","playerName":"aaa","socketId":"3OTBGpvczF3Z4syXAAAt","newgameId":"b90d4437-0bdb-4e2f-ae78-f0e4133a1b88"} 
02:57:17.097 INFO  {"type":"server/hello","socketId":"iTsEd_6JZHmHpDhgAAAs"} 
02:57:17.102 INFO  {"type":"server/init","socketId":"iTsEd_6JZHmHpDhgAAAs"} 
02:57:20.118 INFO  {"type":"server/join","data":"b90d4437-0bdb-4e2f-ae78-f0e4133a1b88","name":"bbb","socketId":"iTsEd_6JZHmHpDhgAAAs"} 
02:57:28.714 INFO  {"type":"server/start","data":{"game":"b90d4437-0bdb-4e2f-ae78-f0e4133a1b88","board":{"ships":{"layout":[{"ship":"destroyer","positions":[[0,0],[1,0]]}]},"hits":[],"enemyHits":[],"allShips":[[0,0],[1,0]]}},"socketId":"3OTBGpvczF3Z4syXAAAt"} 
02:57:34.194 INFO  {"type":"server/start","data":{"game":"b90d4437-0bdb-4e2f-ae78-f0e4133a1b88","board":{"ships":{"layout":[{"ship":"destroyer","positions":[[0,0],[1,0]]}]},"hits":[],"enemyHits":[],"allShips":[[0,0],[1,0]]}},"socketId":"iTsEd_6JZHmHpDhgAAAs"} 
02:59:34.619 INFO  {"type":"server/hello","socketId":"2wmX16CP0Jpwjlp9AAAz"} 
02:59:34.623 INFO  {"type":"server/init","socketId":"2wmX16CP0Jpwjlp9AAAz"} 
02:59:37.284 INFO  {"type":"server/create","playerName":"aaa","socketId":"2wmX16CP0Jpwjlp9AAAz","newgameId":"ac8282e9-9ea8-4357-b900-4407dc8fae33"} 
02:59:38.820 INFO  {"type":"server/hello","socketId":"dLgFAhGGbnreID41AAAy"} 
02:59:38.825 INFO  {"type":"server/init","socketId":"dLgFAhGGbnreID41AAAy"} 
02:59:41.232 INFO  {"type":"server/join","data":"ac8282e9-9ea8-4357-b900-4407dc8fae33","name":"bbb","socketId":"dLgFAhGGbnreID41AAAy"} 
02:59:41.824 INFO  {"type":"server/start","data":{"game":"ac8282e9-9ea8-4357-b900-4407dc8fae33","board":{"ships":{"layout":[{"ship":"destroyer","positions":[[0,0],[1,0]]}]},"hits":[],"enemyHits":[],"allShips":[[0,0],[1,0]]}},"socketId":"dLgFAhGGbnreID41AAAy"} 
02:59:45.518 INFO  {"type":"server/start","data":{"game":"ac8282e9-9ea8-4357-b900-4407dc8fae33","board":{"ships":{"layout":[{"ship":"destroyer","positions":[[0,0],[1,0]]}]},"hits":[],"enemyHits":[],"allShips":[[0,0],[1,0]]}},"socketId":"2wmX16CP0Jpwjlp9AAAz"} 
03:00:34.771 INFO  {"type":"server/hello","socketId":"02ZuvaS1rwDd-CyfAAA2"} 
03:00:34.781 INFO  {"type":"server/init","socketId":"02ZuvaS1rwDd-CyfAAA2"} 
03:00:39.075 INFO  {"type":"server/create","playerName":"as","socketId":"02ZuvaS1rwDd-CyfAAA2","newgameId":"a005441d-b16e-4644-966c-70c8bd7c19a4"} 
03:00:40.670 INFO  {"type":"server/hello","socketId":"pGsgzdvtmoHk0OPfAAA0"} 
03:00:40.675 INFO  {"type":"server/init","socketId":"pGsgzdvtmoHk0OPfAAA0"} 
03:00:44.791 INFO  {"type":"server/join","data":"a005441d-b16e-4644-966c-70c8bd7c19a4","name":"bc","socketId":"pGsgzdvtmoHk0OPfAAA0"} 
03:00:48.827 INFO  {"type":"server/start","data":{"game":"a005441d-b16e-4644-966c-70c8bd7c19a4","board":{"ships":{"layout":[{"ship":"destroyer","positions":[[0,0],[1,0]]}]},"hits":[],"enemyHits":[],"allShips":[[0,0],[1,0]]}},"socketId":"02ZuvaS1rwDd-CyfAAA2"} 
03:00:52.772 INFO  {"type":"server/start","data":{"game":"a005441d-b16e-4644-966c-70c8bd7c19a4","board":{"ships":{"layout":[{"ship":"destroyer","positions":[[0,0],[1,0]]}]},"hits":[],"enemyHits":[],"allShips":[[0,0],[1,0]]}},"socketId":"pGsgzdvtmoHk0OPfAAA0"} 
03:50:00.220 INFO  {"type":"server/hello","socketId":"1RkQsn302JZOF1-YAAAD"} 
03:50:00.230 INFO  {"type":"server/init","socketId":"1RkQsn302JZOF1-YAAAD"} 
03:50:03.050 INFO  {"type":"server/create","playerName":"aaa","socketId":"1RkQsn302JZOF1-YAAAD","newgameId":"ac82cad1-547d-45cd-ab25-c066e1328638"} 
03:50:04.946 INFO  {"type":"server/hello","socketId":"0mxpkl5V6vt3tyuyAAAC"} 
03:50:04.953 INFO  {"type":"server/init","socketId":"0mxpkl5V6vt3tyuyAAAC"} 
03:50:08.853 INFO  {"type":"server/join","data":"ac82cad1-547d-45cd-ab25-c066e1328638","name":"ccc","socketId":"0mxpkl5V6vt3tyuyAAAC"} 
03:50:09.806 INFO  {"type":"server/start","data":{"game":"ac82cad1-547d-45cd-ab25-c066e1328638","board":{"ships":{"layout":[{"ship":"destroyer","positions":[[0,0],[1,0]]}]},"hits":[],"enemyHits":[],"allShips":[[0,0],[1,0]]}},"socketId":"0mxpkl5V6vt3tyuyAAAC"} 
03:50:12.708 INFO  {"type":"server/start","data":{"game":"ac82cad1-547d-45cd-ab25-c066e1328638","board":{"ships":{"layout":[{"ship":"destroyer","positions":[[0,0],[1,0]]}]},"hits":[],"enemyHits":[],"allShips":[[0,0],[1,0]]}},"socketId":"1RkQsn302JZOF1-YAAAD"} 
03:50:19.528 INFO  {"type":"server/CELL_CLICKED","x":0,"y":0,"gameId":"ac82cad1-547d-45cd-ab25-c066e1328638","socketId":"1RkQsn302JZOF1-YAAAD"} 
03:50:23.772 INFO  {"type":"server/CELL_CLICKED","x":9,"y":0,"gameId":"ac82cad1-547d-45cd-ab25-c066e1328638","socketId":"0mxpkl5V6vt3tyuyAAAC"} 
03:50:27.895 INFO  {"type":"server/CELL_CLICKED","x":0,"y":1,"gameId":"ac82cad1-547d-45cd-ab25-c066e1328638","socketId":"1RkQsn302JZOF1-YAAAD"} 
03:50:30.629 INFO  {"type":"server/CELL_CLICKED","x":9,"y":1,"gameId":"ac82cad1-547d-45cd-ab25-c066e1328638","socketId":"0mxpkl5V6vt3tyuyAAAC"} 
03:51:39.711 INFO  {"type":"server/CELL_CLICKED","x":0,"y":3,"gameId":"ac82cad1-547d-45cd-ab25-c066e1328638","socketId":"1RkQsn302JZOF1-YAAAD"} 
03:51:44.503 INFO  {"type":"server/CELL_CLICKED","x":0,"y":2,"gameId":"ac82cad1-547d-45cd-ab25-c066e1328638","socketId":"0mxpkl5V6vt3tyuyAAAC"} 
03:52:09.157 INFO  {"type":"server/CELL_CLICKED","x":9,"y":9,"gameId":"ac82cad1-547d-45cd-ab25-c066e1328638","socketId":"1RkQsn302JZOF1-YAAAD"} 
04:13:09.567 INFO  {"type":"server/hello","socketId":"No5vEKcFM0sXsyYNAAAD"} 
04:13:09.576 INFO  {"type":"server/init","socketId":"No5vEKcFM0sXsyYNAAAD"} 
04:13:13.014 INFO  {"type":"server/create","playerName":"aaa","socketId":"No5vEKcFM0sXsyYNAAAD","newgameId":"e19813ac-3034-425c-9505-bfd8f0d3b2ae"} 
04:13:14.869 INFO  {"type":"server/hello","socketId":"3w7NFh6p86qI_d5tAAAC"} 
04:13:14.877 INFO  {"type":"server/init","socketId":"3w7NFh6p86qI_d5tAAAC"} 
04:13:20.064 INFO  {"type":"server/join","data":"e19813ac-3034-425c-9505-bfd8f0d3b2ae","name":"bbb","socketId":"3w7NFh6p86qI_d5tAAAC"} 
04:13:20.947 INFO  {"type":"server/start","data":{"game":"e19813ac-3034-425c-9505-bfd8f0d3b2ae","board":{"ships":{"layout":[{"ship":"destroyer","positions":[[0,0],[1,0]]}]},"hits":[],"enemyHits":[],"allShips":[[0,0],[1,0]]}},"socketId":"3w7NFh6p86qI_d5tAAAC"} 
04:14:02.959 INFO  {"type":"server/hello","socketId":"CLR3EDEimE94mAwVAAAH"} 
04:14:02.967 INFO  {"type":"server/init","socketId":"CLR3EDEimE94mAwVAAAH"} 
04:14:05.515 INFO  {"type":"server/create","playerName":"aaa","socketId":"CLR3EDEimE94mAwVAAAH","newgameId":"460692da-f002-48ea-a3d2-150ceaecdc38"} 
04:14:07.366 INFO  {"type":"server/hello","socketId":"dR3DDiZBMmMg7v3cAAAG"} 
04:14:07.367 INFO  {"type":"server/init","socketId":"dR3DDiZBMmMg7v3cAAAG"} 
04:14:12.952 INFO  {"type":"server/join","data":"460692da-f002-48ea-a3d2-150ceaecdc38","name":"ccc","socketId":"dR3DDiZBMmMg7v3cAAAG"} 
04:14:13.995 INFO  {"type":"server/start","data":{"game":"460692da-f002-48ea-a3d2-150ceaecdc38","board":{"ships":{"layout":[{"ship":"destroyer","positions":[[0,0],[1,0]]}]},"hits":[],"enemyHits":[],"allShips":[[0,0],[1,0]]}},"socketId":"dR3DDiZBMmMg7v3cAAAG"} 
04:14:16.550 INFO  {"type":"server/start","data":{"game":"460692da-f002-48ea-a3d2-150ceaecdc38","board":{"ships":{"layout":[{"ship":"destroyer","positions":[[0,0],[1,0]]}]},"hits":[],"enemyHits":[],"allShips":[[0,0],[1,0]]}},"socketId":"CLR3EDEimE94mAwVAAAH"} 
04:14:22.154 INFO  {"type":"server/CELL_CLICKED","x":9,"y":0,"gameId":"460692da-f002-48ea-a3d2-150ceaecdc38","socketId":"CLR3EDEimE94mAwVAAAH"} 
04:18:27.041 INFO  {"type":"server/hello","socketId":"Vmpw-pD4cq7R3X4HAAAa"} 
04:18:27.047 INFO  {"type":"server/init","socketId":"Vmpw-pD4cq7R3X4HAAAa"} 
04:18:30.757 INFO  {"type":"server/create","playerName":"aaaa","socketId":"Vmpw-pD4cq7R3X4HAAAa","newgameId":"9f36da28-7fce-47be-acd8-fba3739aedea"} 
04:18:32.438 INFO  {"type":"server/hello","socketId":"ZeoWlsiA1GRR0plqAAAZ"} 
04:18:32.446 INFO  {"type":"server/init","socketId":"ZeoWlsiA1GRR0plqAAAZ"} 
04:18:36.532 INFO  {"type":"server/join","data":"9f36da28-7fce-47be-acd8-fba3739aedea","name":"cccc","socketId":"ZeoWlsiA1GRR0plqAAAZ"} 
04:18:37.623 INFO  {"type":"server/start","data":{"game":"9f36da28-7fce-47be-acd8-fba3739aedea","board":{"ships":{"layout":[{"ship":"destroyer","positions":[[0,0],[1,0]]}]},"hits":[],"enemyHits":[],"allShips":[[0,0],[1,0]]}},"socketId":"ZeoWlsiA1GRR0plqAAAZ"} 
04:18:40.375 INFO  {"type":"server/start","data":{"game":"9f36da28-7fce-47be-acd8-fba3739aedea","board":{"ships":{"layout":[{"ship":"destroyer","positions":[[0,0],[1,0]]}]},"hits":[],"enemyHits":[],"allShips":[[0,0],[1,0]]}},"socketId":"Vmpw-pD4cq7R3X4HAAAa"} 
04:18:48.330 INFO  {"type":"server/CELL_CLICKED","x":0,"y":0,"gameId":"9f36da28-7fce-47be-acd8-fba3739aedea","socketId":"Vmpw-pD4cq7R3X4HAAAa"} 
04:19:06.835 INFO  {"type":"server/CELL_CLICKED","x":9,"y":0,"gameId":"9f36da28-7fce-47be-acd8-fba3739aedea","socketId":"ZeoWlsiA1GRR0plqAAAZ"} 
